Arguments: 
  C:\Program Files\nodejs\node.exe C:\Users\pdlou\AppData\Roaming\npm\node_modules\yarn\bin\yarn.js add sass -D

PATH: 
  C:\Program Files\nodejs\node_modules\npm\node_modules\npm-lifecycle\node-gyp-bin;C:\Users\pdlou\Documents\code\typescript-learnings\node_modules\.bin;C:\Program Files\Git\mingw64\bin;C:\Program Files\Git\usr\bin;C:\Users\pdlou\bin;C:\Program Files\Git\mingw64\bin;C:\Program Files\Git\usr\bin;C:\Users\pdlou\bin;C:\Python38\Scripts;C:\Python38;C:\Windows\system32;C:\Windows;C:\Windows\System32\Wbem;C:\Windows\System32\WindowsPowerShell\v1.0;C:\Windows\System32\OpenSSH;C:\Program Files\nodejs;C:\ProgramData\chocolatey\bin;C:\Program Files\Git\cmd;C:\Program Files (x86)\NVIDIA Corporation\PhysX\Common;C:\Program Files\NVIDIA Corporation\NVIDIA NvDLISR;C:\Users\pdlou\AppData\Local\Microsoft\WindowsApps;C:\Users\pdlou\AppData\Local\Programs\Microsoft VS Code\bin;C:\Users\pdlou\AppData\Roaming\npm

Yarn version: 
  1.22.4

Node version: 
  14.2.0

Platform: 
  win32 x64

Trace: 
  Error: EPERM: operation not permitted, unlink 'C:\Users\pdlou\Documents\code\typescript-learnings\node_modules\deasync\bin\win32-x64-node-14\deasync.node'

npm manifest: 
  {
    "name": "typescript-learnings",
    "version": "1.0.0",
    "description": "TypeScript Reference",
    "main": "index.js",
    "scripts": {
      "clear-build-cache": "rm -rf .cache/ dist/",
      "format": "prettier \"src/**/*.{js,html}\" --write",
      "lint": "eslint \"src/**/*.{ts,tsx}\" --quiet",
      "dev": "parcel src/index.html",
      "test": "echo \"Error: no test specified\" && exit 1",
      "typecheck": "tsc --noEmit"
    },
    "devDependencies": {
      "@babel/core": "^7.9.0",
      "@babel/plugin-proposal-class-properties": "^7.8.3",
      "@babel/preset-env": "^7.9.5",
      "@babel/preset-react": "^7.9.4",
      "@types/jest": "^25.2.1",
      "@types/node": "^13.13.4",
      "@types/reach__router": "^1.3.5",
      "@types/react": "^16.9.34",
      "@types/react-dom": "^16.9.7",
      "@typescript-eslint/eslint-plugin": "^2.30.0",
      "@typescript-eslint/parser": "^2.30.0",
      "cross-env": "^7.0.2",
      "eslint": "^6.8.0",
      "eslint-config-prettier": "^6.11.0",
      "eslint-import-resolver-typescript": "^2.0.0",
      "eslint-plugin-import": "^2.20.2",
      "eslint-plugin-jsx-a11y": "^6.2.3",
      "eslint-plugin-react": "^7.19.0",
      "eslint-plugin-react-hooks": "^3.0.0",
      "jest": "^25.5.3",
      "parcel-bundler": "^1.12.4",
      "prettier": "^2.0.5",
      "typescript": "^3.8.3"
    },
    "dependencies": {
      "@emotion/babel-preset-css-prop": "^10.0.27",
      "@emotion/core": "^10.0.28",
      "@reach/router": "^1.3.3",
      "react": "^16.13.1",
      "react-dom": "^16.13.1"
    },
    "browserslist": [
      "last 2 Chrome versions"
    ],
    "comments": {
      "typecheck: tsc --noEmit": "This checks all the types in the file. If all is good it shouldn't return anything."
    },
    "repository": {
      "type": "git",
      "url": "git+https://github.com/Fitzpa/typescript-learnings.git"
    },
    "author": "Louie Fitzpatrick",
    "license": "MIT",
    "bugs": {
      "url": "https://github.com/Fitzpa/typescript-learnings/issues"
    },
    "homepage": "https://github.com/Fitzpa/typescript-learnings#readme"
  }

yarn manifest: 
  No manifest

Lockfile: 
  No lockfile
